0 info it worked if it ends with ok
1 verbose cli [ 'C:\\Program Files\\nodejs\\node.exe',
1 verbose cli   'C:\\Program Files\\nodejs\\node_modules\\npm\\bin\\npm-cli.js',
1 verbose cli   'install',
1 verbose cli   'less.min',
1 verbose cli   '--save-dev' ]
2 info using npm@2.15.9
3 info using node@v4.6.0
4 verbose install initial load of D:\Documents\Trainings\FrontCamp\package.json
5 warn package.json task2@1.0.0 No description
6 warn package.json task2@1.0.0 No README data
7 verbose installManyTop reading scoped package data from D:\Documents\Trainings\FrontCamp\node_modules\babel-cli\package.json
8 verbose installManyTop reading scoped package data from D:\Documents\Trainings\FrontCamp\node_modules\babel-core\package.json
9 verbose installManyTop reading scoped package data from D:\Documents\Trainings\FrontCamp\node_modules\babel-loader\package.json
10 verbose installManyTop reading scoped package data from D:\Documents\Trainings\FrontCamp\node_modules\babel-plugin-add-module-exports\package.json
11 verbose installManyTop reading scoped package data from D:\Documents\Trainings\FrontCamp\node_modules\babel-polyfill\package.json
12 verbose installManyTop reading scoped package data from D:\Documents\Trainings\FrontCamp\node_modules\babel-preset-es2015\package.json
13 verbose installManyTop reading scoped package data from D:\Documents\Trainings\FrontCamp\node_modules\babel-preset-es2015-ie\package.json
14 verbose installManyTop reading scoped package data from D:\Documents\Trainings\FrontCamp\node_modules\less\package.json
15 verbose installManyTop reading scoped package data from D:\Documents\Trainings\FrontCamp\node_modules\less-loader\package.json
16 verbose installManyTop reading scoped package data from D:\Documents\Trainings\FrontCamp\node_modules\style-loader\package.json
17 verbose installManyTop reading scoped package data from D:\Documents\Trainings\FrontCamp\node_modules\webpack\package.json
18 verbose installManyTop reading scoped package data from D:\Documents\Trainings\FrontCamp\node_modules\whatwg-fetch\package.json
19 info package.json babel-plugin-add-module-exports@0.2.1 No README data
20 info package.json less-loader@2.2.3 No license field.
21 verbose readDependencies loading dependencies from D:\Documents\Trainings\FrontCamp\package.json
22 silly cache add args [ 'less.min', null ]
23 verbose cache add spec less.min
24 silly cache add parsed spec Result {
24 silly cache add   raw: 'less.min',
24 silly cache add   scope: null,
24 silly cache add   name: 'less.min',
24 silly cache add   rawSpec: '',
24 silly cache add   spec: 'latest',
24 silly cache add   type: 'tag' }
25 silly addNamed less.min@latest
26 verbose addNamed "latest" is being treated as a dist-tag for less.min
27 info addNameTag [ 'less.min', 'latest' ]
28 silly mapToRegistry name less.min
29 silly mapToRegistry using default registry
30 silly mapToRegistry registry https://registry.npmjs.org/
31 silly mapToRegistry data Result {
31 silly mapToRegistry   raw: 'less.min',
31 silly mapToRegistry   scope: null,
31 silly mapToRegistry   name: 'less.min',
31 silly mapToRegistry   rawSpec: '',
31 silly mapToRegistry   spec: 'latest',
31 silly mapToRegistry   type: 'tag' }
32 silly mapToRegistry uri https://registry.npmjs.org/less.min
33 verbose addNameTag registry:https://registry.npmjs.org/less.min not in flight; fetching
34 verbose request uri https://registry.npmjs.org/less.min
35 verbose request no auth needed
36 info attempt registry request try #1 at 2:56:22 PM
37 verbose request id a8ce2f8cc44f5ed5
38 http request GET https://registry.npmjs.org/less.min
39 http 404 https://registry.npmjs.org/less.min
40 verbose headers { 'content-type': 'application/json',
40 verbose headers   'cache-control': 'max-age=0',
40 verbose headers   'content-length': '2',
40 verbose headers   'accept-ranges': 'bytes',
40 verbose headers   date: 'Fri, 25 Nov 2016 11:56:22 GMT',
40 verbose headers   via: '1.1 varnish',
40 verbose headers   age: '0',
40 verbose headers   connection: 'keep-alive',
40 verbose headers   'x-served-by': 'cache-fra1225-FRA',
40 verbose headers   'x-cache': 'MISS',
40 verbose headers   'x-cache-hits': '0',
40 verbose headers   'x-timer': 'S1480074982.536801,VS0,VE446',
40 verbose headers   vary: 'Accept-Encoding' }
41 silly get cb [ 404,
41 silly get   { 'content-type': 'application/json',
41 silly get     'cache-control': 'max-age=0',
41 silly get     'content-length': '2',
41 silly get     'accept-ranges': 'bytes',
41 silly get     date: 'Fri, 25 Nov 2016 11:56:22 GMT',
41 silly get     via: '1.1 varnish',
41 silly get     age: '0',
41 silly get     connection: 'keep-alive',
41 silly get     'x-served-by': 'cache-fra1225-FRA',
41 silly get     'x-cache': 'MISS',
41 silly get     'x-cache-hits': '0',
41 silly get     'x-timer': 'S1480074982.536801,VS0,VE446',
41 silly get     vary: 'Accept-Encoding' } ]
42 verbose stack Error: Registry returned 404 for GET on https://registry.npmjs.org/less.min
42 verbose stack     at makeError (C:\Program Files\nodejs\node_modules\npm\node_modules\npm-registry-client\lib\request.js:264:12)
42 verbose stack     at CachingRegistryClient.<anonymous> (C:\Program Files\nodejs\node_modules\npm\node_modules\npm-registry-client\lib\request.js:242:14)
42 verbose stack     at Request._callback (C:\Program Files\nodejs\node_modules\npm\node_modules\npm-registry-client\lib\request.js:172:14)
42 verbose stack     at Request.self.callback (C:\Program Files\nodejs\node_modules\npm\node_modules\request\request.js:200:22)
42 verbose stack     at emitTwo (events.js:87:13)
42 verbose stack     at Request.emit (events.js:172:7)
42 verbose stack     at Request.<anonymous> (C:\Program Files\nodejs\node_modules\npm\node_modules\request\request.js:1067:10)
42 verbose stack     at emitOne (events.js:82:20)
42 verbose stack     at Request.emit (events.js:169:7)
42 verbose stack     at IncomingMessage.<anonymous> (C:\Program Files\nodejs\node_modules\npm\node_modules\request\request.js:988:12)
43 verbose statusCode 404
44 verbose pkgid less.min
45 verbose cwd D:\Documents\Trainings\FrontCamp
46 error Windows_NT 10.0.14393
47 error argv "C:\\Program Files\\nodejs\\node.exe" "C:\\Program Files\\nodejs\\node_modules\\npm\\bin\\npm-cli.js" "install" "less.min" "--save-dev"
48 error node v4.6.0
49 error npm  v2.15.9
50 error code E404
51 error 404 Registry returned 404 for GET on https://registry.npmjs.org/less.min
51 error 404
51 error 404 'less.min' is not in the npm registry.
51 error 404 You should bug the author to publish it (or use the name yourself!)
51 error 404 It was specified as a dependency of 'task2'
51 error 404
51 error 404 Note that you can also install from a
51 error 404 tarball, folder, http url, or git url.
52 verbose exit [ 1, true ]
